Wed Dec 11 10:05:46 EST 2024 Beginning rsync to /Users/kabdolha/Amazon\ WorkDocs\ Drive/My\ Documents/Backups/Obsidian/
building file list ... rsync: link_stat "/Users/ALIAS/Documents/Obsidian/." failed: No such file or directory (2)
done
rsync: mkdir "/Users/ALIAS/Amazon WorkDocs Drive/My Documents/Backups/Obsidian" failed: No such file or directory (2)
rsync error: error in file IO (code 11) at /AppleInternal/Library/BuildRoots/289ffcb4-455d-11ef-953d-e2437461156c/Library/Caches/com.apple.xbs/Sources/rsync/rsync/main.c(545) [receiver=2.6.9]
rsync: connection unexpectedly closed (8 bytes received so far) [sender]
rsync error: error in rsync protocol data stream (code 12) at /AppleInternal/Library/BuildRoots/289ffcb4-455d-11ef-953d-e2437461156c/Library/Caches/com.apple.xbs/Sources/rsync/rsync/io.c(453) [sender=2.6.9]
Wed Dec 11 10:05:46 EST 2024 Completed rsync to /Users/kabdolha/Amazon\ WorkDocs\ Drive/My\ Documents/Backups/Obsidian/
Wed Dec 11 10:06:06 EST 2024 Beginning rsync to /Users/kabdolha/Amazon\ WorkDocs\ Drive/My\ Documents/Backups/Obsidian/
building file list ... rsync: link_stat "/Users/ALIAS/Documents/Obsidian/." failed: No such file or directory (2)
done
rsync: mkdir "/Users/ALIAS/Amazon WorkDocs Drive/My Documents/Backups/Obsidian" failed: No such file or directory (2)
rsync error: error in file IO (code 11) at /AppleInternal/Library/BuildRoots/289ffcb4-455d-11ef-953d-e2437461156c/Library/Caches/com.apple.xbs/Sources/rsync/rsync/main.c(545) [receiver=2.6.9]
rsync: connection unexpectedly closed (8 bytes received so far) [sender]
rsync error: error in rsync protocol data stream (code 12) at /AppleInternal/Library/BuildRoots/289ffcb4-455d-11ef-953d-e2437461156c/Library/Caches/com.apple.xbs/Sources/rsync/rsync/io.c(453) [sender=2.6.9]
Wed Dec 11 10:06:06 EST 2024 Completed rsync to /Users/kabdolha/Amazon\ WorkDocs\ Drive/My\ Documents/Backups/Obsidian/
Wed Dec 11 10:06:44 EST 2024 Beginning rsync to /Users/kabdolha/Amazon\ WorkDocs\ Drive/My\ Documents/Backups/Obsidian/
Wed Dec 11 10:07:01 EST 2024 Beginning rsync to /Users/kabdolha/Amazon\ WorkDocs\ Drive/My\ Documents/Backups/Obsidian/
building file list ... rsync: link_stat "/Users/ALIAS/Documents/Obsidian/." failed: No such file or directory (2)
done
rsync: mkdir "/Users/ALIAS/Amazon WorkDocs Drive/My Documents/Backups/Obsidian" failed: No such file or directory (2)
rsync error: error in file IO (code 11) at /AppleInternal/Library/BuildRoots/289ffcb4-455d-11ef-953d-e2437461156c/Library/Caches/com.apple.xbs/Sources/rsync/rsync/main.c(545) [receiver=2.6.9]
rsync: connection unexpectedly closed (8 bytes received so far) [sender]
rsync error: error in rsync protocol data stream (code 12) at /AppleInternal/Library/BuildRoots/289ffcb4-455d-11ef-953d-e2437461156c/Library/Caches/com.apple.xbs/Sources/rsync/rsync/io.c(453) [sender=2.6.9]
Wed Dec 11 10:07:01 EST 2024 Completed rsync to /Users/kabdolha/Amazon\ WorkDocs\ Drive/My\ Documents/Backups/Obsidian/
Wed Dec 11 10:08:02 EST 2024 Beginning rsync to /Users/kabdolha/Amazon\ WorkDocs\ Drive/My\ Documents/Backups/Obsidian/
building file list ... done
rsync: mkdir "/Users/kabdolha/Amazon WorkDocs Drive/My Documents/Backups/Obsidian" failed: No such file or directory (2)
rsync error: error in file IO (code 11) at /AppleInternal/Library/BuildRoots/289ffcb4-455d-11ef-953d-e2437461156c/Library/Caches/com.apple.xbs/Sources/rsync/rsync/main.c(545) [receiver=2.6.9]
rsync: connection unexpectedly closed (8 bytes received so far) [sender]
rsync error: error in rsync protocol data stream (code 12) at /AppleInternal/Library/BuildRoots/289ffcb4-455d-11ef-953d-e2437461156c/Library/Caches/com.apple.xbs/Sources/rsync/rsync/io.c(453) [sender=2.6.9]
Wed Dec 11 10:08:02 EST 2024 Completed rsync to /Users/kabdolha/Amazon\ WorkDocs\ Drive/My\ Documents/Backups/Obsidian/
Wed Dec 11 10:09:25 EST 2024 Beginning rsync to /Users/kabdolha/Amazon\ WorkDocs\ Drive/My\ Documents/Backups/Obsidian/
building file list ... done
rsync: mkdir "/Users/kabdolha/WorkDocs Drive/Backups/Obsidian" failed: No such file or directory (2)
rsync error: error in file IO (code 11) at /AppleInternal/Library/BuildRoots/289ffcb4-455d-11ef-953d-e2437461156c/Library/Caches/com.apple.xbs/Sources/rsync/rsync/main.c(545) [receiver=2.6.9]
rsync: connection unexpectedly closed (8 bytes received so far) [sender]
rsync error: error in rsync protocol data stream (code 12) at /AppleInternal/Library/BuildRoots/289ffcb4-455d-11ef-953d-e2437461156c/Library/Caches/com.apple.xbs/Sources/rsync/rsync/io.c(453) [sender=2.6.9]
Wed Dec 11 10:09:25 EST 2024 Completed rsync to /Users/kabdolha/Amazon\ WorkDocs\ Drive/My\ Documents/Backups/Obsidian/
Wed Dec 11 10:09:47 EST 2024 Beginning rsync to /Users/kabdolha/Amazon\ WorkDocs\ Drive/My\ Documents/Backups/Obsidian/
building file list ... done
rsync: mkdir "/Users/kabdolha/WorkDocs Drive/Backups/Obsidian" failed: No such file or directory (2)
rsync error: error in file IO (code 11) at /AppleInternal/Library/BuildRoots/289ffcb4-455d-11ef-953d-e2437461156c/Library/Caches/com.apple.xbs/Sources/rsync/rsync/main.c(545) [receiver=2.6.9]
rsync: connection unexpectedly closed (8 bytes received so far) [sender]
rsync error: error in rsync protocol data stream (code 12) at /AppleInternal/Library/BuildRoots/289ffcb4-455d-11ef-953d-e2437461156c/Library/Caches/com.apple.xbs/Sources/rsync/rsync/io.c(453) [sender=2.6.9]
Wed Dec 11 10:09:47 EST 2024 Completed rsync to /Users/kabdolha/Amazon\ WorkDocs\ Drive/My\ Documents/Backups/Obsidian/
Wed Dec 11 10:10:42 EST 2024 Beginning rsync to /Users/kabdolha/Amazon\ WorkDocs\ Drive/My\ Documents/Backups/Obsidian/
building file list ... done
rsync: mkdir "/Users/kabdolha/WorkDocs Drive/Backups/notes" failed: No such file or directory (2)
rsync error: error in file IO (code 11) at /AppleInternal/Library/BuildRoots/289ffcb4-455d-11ef-953d-e2437461156c/Library/Caches/com.apple.xbs/Sources/rsync/rsync/main.c(545) [receiver=2.6.9]
rsync: connection unexpectedly closed (8 bytes received so far) [sender]
rsync error: error in rsync protocol data stream (code 12) at /AppleInternal/Library/BuildRoots/289ffcb4-455d-11ef-953d-e2437461156c/Library/Caches/com.apple.xbs/Sources/rsync/rsync/io.c(453) [sender=2.6.9]
Wed Dec 11 10:10:42 EST 2024 Completed rsync to /Users/kabdolha/Amazon\ WorkDocs\ Drive/My\ Documents/Backups/Obsidian/
